2023-09-28 22:03:25.867  INFO 12340 --- [restartedMain] edu.sms.Sms1Application                  : Starting Sms1Application using Java 20.0.1 on DESKTOP-4MJK6GK with PID 12340 (C:\Users\rajpu\eclipse-workspace\SMS-1\target\classes started by rajpu in C:\Users\rajpu\eclipse-workspace\SMS-1)
2023-09-28 22:03:25.875  INFO 12340 --- [restartedMain] edu.sms.Sms1Application                  : No active profile set, falling back to 1 default profile: "default"
2023-09-28 22:03:25.944  INFO 12340 --- [restartedMain] .e.DevToolsPropertyDefaultsPostProcessor : Devtools property defaults active! Set 'spring.devtools.add-properties' to 'false' to disable
2023-09-28 22:03:25.945  INFO 12340 --- [restartedMain] .e.DevToolsPropertyDefaultsPostProcessor : For additional web related logging consider setting the 'logging.level.web' property to 'DEBUG'
2023-09-28 22:03:26.898  INFO 12340 --- [restartedMain] .s.d.r.c.RepositoryConfigurationDelegate : Bootstrapping Spring Data JPA repositories in DEFAULT mode.
2023-09-28 22:03:26.976  INFO 12340 --- [restartedMain] .s.d.r.c.RepositoryConfigurationDelegate : Finished Spring Data repository scanning in 68 ms. Found 7 JPA repository interfaces.
2023-09-28 22:03:27.711  INFO 12340 --- [restartedMain] o.s.b.w.embedded.tomcat.TomcatWebServer  : Tomcat initialized with port(s): 8080 (http)
2023-09-28 22:03:27.722  INFO 12340 --- [restartedMain] o.apache.catalina.core.StandardService   : Starting service [Tomcat]
2023-09-28 22:03:27.723  INFO 12340 --- [restartedMain] org.apache.catalina.core.StandardEngine  : Starting Servlet engine: [Apache Tomcat/9.0.79]
2023-09-28 22:03:27.807  INFO 12340 --- [restartedMain] o.a.c.c.C.[Tomcat].[localhost].[/]       : Initializing Spring embedded WebApplicationContext
2023-09-28 22:03:27.807  INFO 12340 --- [restartedMain] w.s.c.ServletWebServerApplicationContext : Root WebApplicationContext: initialization completed in 1861 ms
2023-09-28 22:03:27.960  INFO 12340 --- [restartedMain] o.hibernate.jpa.internal.util.LogHelper  : HHH000204: Processing PersistenceUnitInfo [name: default]
2023-09-28 22:03:28.011  INFO 12340 --- [restartedMain] org.hibernate.Version                    : HHH000412: Hibernate ORM core version 5.6.15.Final
2023-09-28 22:03:28.173  INFO 12340 --- [restartedMain] o.hibernate.annotations.common.Version   : HCANN000001: Hibernate Commons Annotations {5.1.2.Final}
2023-09-28 22:03:28.318  INFO 12340 --- [restartedMain] com.zaxxer.hikari.HikariDataSource       : HikariPool-1 - Starting...
2023-09-28 22:03:28.807  INFO 12340 --- [restartedMain] com.zaxxer.hikari.HikariDataSource       : HikariPool-1 - Start completed.
2023-09-28 22:03:28.834  INFO 12340 --- [restartedMain] org.hibernate.dialect.Dialect            : HHH000400: Using dialect: org.hibernate.dialect.MySQL8Dialect
2023-09-28 22:03:30.016  INFO 12340 --- [restartedMain] o.h.e.t.j.p.i.JtaPlatformInitiator       : HHH000490: Using JtaPlatform implementation: [org.hibernate.engine.transaction.jta.platform.internal.NoJtaPlatform]
2023-09-28 22:03:30.036  INFO 12340 --- [restartedMain] j.LocalContainerEntityManagerFactoryBean : Initialized JPA EntityManagerFactory for persistence unit 'default'
2023-09-28 22:03:30.590  WARN 12340 --- [restartedMain] JpaBaseConfiguration$JpaWebConfiguration : spring.jpa.open-in-view is enabled by default. Therefore, database queries may be performed during view rendering. Explicitly configure spring.jpa.open-in-view to disable this warning
2023-09-28 22:03:30.935  INFO 12340 --- [restartedMain] o.s.b.d.a.OptionalLiveReloadServer       : LiveReload server is running on port 35729
2023-09-28 22:03:30.986  INFO 12340 --- [restartedMain] o.s.b.w.embedded.tomcat.TomcatWebServer  : Tomcat started on port(s): 8080 (http) with context path ''
2023-09-28 22:03:30.996  INFO 12340 --- [restartedMain] edu.sms.Sms1Application                  : Started Sms1Application in 5.549 seconds (JVM running for 6.237)
2023-09-28 22:04:23.869  INFO 12340 --- [http-nio-8080-exec-1] o.a.c.c.C.[Tomcat].[localhost].[/]       : Initializing Spring DispatcherServlet 'dispatcherServlet'
2023-09-28 22:04:23.883  INFO 12340 --- [http-nio-8080-exec-1] o.s.web.servlet.DispatcherServlet        : Initializing Servlet 'dispatcherServlet'
2023-09-28 22:04:23.960  INFO 12340 --- [http-nio-8080-exec-1] o.s.web.servlet.DispatcherServlet        : Completed initialization in 76 ms
2023-09-28 22:04:24.457  INFO 12340 --- [http-nio-8080-exec-1] edu.sms.entity.Student                   : All students details fetched at Thu Sep 28 22:04:24 IST 2023
